<?xml version="1.0" encoding="UTF-8"?>
<coverage generated="1591120405457" clover="3.2.0">
  <project timestamp="1591120405457" name="All files">
    <metrics statements="86" coveredstatements="85" conditionals="64" coveredconditionals="47" methods="34" coveredmethods="30" elements="184" coveredelements="162" complexity="0" loc="86" ncloc="86" packages="5" files="10" classes="10"/>
    <package name="component.appBar">
      <metrics statements="10" coveredstatements="10" conditionals="10" coveredconditionals="6" methods="7" coveredmethods="6"/>
      <file name="appBar.js" path="C:\Users\prafu\Desktop\Newzera\reactTest\simmpleApp\component\appBar\appBar.js">
        <metrics statements="8" coveredstatements="8" conditionals="10" coveredconditionals="6" methods="7" coveredmethods="6"/>
        <line num="1" count="1" type="stmt"/>
        <line num="2" count="1" type="stmt"/>
        <line num="3" count="2" type="cond" truecount="6" falsecount="4"/>
        <line num="5" count="2" type="stmt"/>
        <line num="9" count="2" type="stmt"/>
        <line num="15" count="1" type="stmt"/>
        <line num="21" count="1" type="stmt"/>
        <line num="40" count="1" type="stmt"/>
      </file>
      <file name="index.js" path="C:\Users\prafu\Desktop\Newzera\reactTest\simmpleApp\component\appBar\index.js">
        <metrics statements="2" coveredstatements="2" conditionals="0" coveredconditionals="0" methods="0" coveredmethods="0"/>
        <line num="1" count="1" type="stmt"/>
        <line num="4" count="1" type="stmt"/>
      </file>
    </package>
    <package name="component.bottomShapesBar">
      <metrics statements="11" coveredstatements="11" conditionals="10" coveredconditionals="6" methods="7" coveredmethods="6"/>
      <file name="bottomShapeBar.js" path="C:\Users\prafu\Desktop\Newzera\reactTest\simmpleApp\component\bottomShapesBar\bottomShapeBar.js">
        <metrics statements="9" coveredstatements="9" conditionals="10" coveredconditionals="6" methods="7" coveredmethods="6"/>
        <line num="1" count="1" type="stmt"/>
        <line num="2" count="2" type="cond" truecount="6" falsecount="4"/>
        <line num="6" count="2" type="stmt"/>
        <line num="8" count="2" type="stmt"/>
        <line num="21" count="1" type="stmt"/>
        <line num="24" count="1" type="stmt"/>
        <line num="25" count="1" type="stmt"/>
        <line num="27" count="1" type="stmt"/>
        <line num="86" count="1" type="stmt"/>
      </file>
      <file name="index.js" path="C:\Users\prafu\Desktop\Newzera\reactTest\simmpleApp\component\bottomShapesBar\index.js">
        <metrics statements="2" coveredstatements="2" conditionals="0" coveredconditionals="0" methods="0" coveredmethods="0"/>
        <line num="1" count="1" type="stmt"/>
        <line num="3" count="1" type="stmt"/>
      </file>
    </package>
    <package name="component.statusAddIcon">
      <metrics statements="10" coveredstatements="10" conditionals="10" coveredconditionals="6" methods="7" coveredmethods="6"/>
      <file name="index.js" path="C:\Users\prafu\Desktop\Newzera\reactTest\simmpleApp\component\statusAddIcon\index.js">
        <metrics statements="2" coveredstatements="2" conditionals="0" coveredconditionals="0" methods="0" coveredmethods="0"/>
        <line num="1" count="2" type="stmt"/>
        <line num="3" count="2" type="stmt"/>
      </file>
      <file name="statusAddIcon.js" path="C:\Users\prafu\Desktop\Newzera\reactTest\simmpleApp\component\statusAddIcon\statusAddIcon.js">
        <metrics statements="8" coveredstatements="8" conditionals="10" coveredconditionals="6" methods="7" coveredmethods="6"/>
        <line num="1" count="2" type="stmt"/>
        <line num="2" count="2" type="stmt"/>
        <line num="3" count="3" type="cond" truecount="6" falsecount="4"/>
        <line num="5" count="3" type="stmt"/>
        <line num="9" count="3" type="stmt"/>
        <line num="19" count="2" type="stmt"/>
        <line num="25" count="2" type="stmt"/>
        <line num="47" count="2" type="stmt"/>
      </file>
    </package>
    <package name="component.statusDots">
      <metrics statements="10" coveredstatements="10" conditionals="10" coveredconditionals="6" methods="7" coveredmethods="6"/>
      <file name="index.js" path="C:\Users\prafu\Desktop\Newzera\reactTest\simmpleApp\component\statusDots\index.js">
        <metrics statements="2" coveredstatements="2" conditionals="0" coveredconditionals="0" methods="0" coveredmethods="0"/>
        <line num="1" count="2" type="stmt"/>
        <line num="4" count="2" type="stmt"/>
      </file>
      <file name="statusDots.js" path="C:\Users\prafu\Desktop\Newzera\reactTest\simmpleApp\component\statusDots\statusDots.js">
        <metrics statements="8" coveredstatements="8" conditionals="10" coveredconditionals="6" methods="7" coveredmethods="6"/>
        <line num="1" count="2" type="stmt"/>
        <line num="2" count="2" type="stmt"/>
        <line num="3" count="2" type="cond" truecount="6" falsecount="4"/>
        <line num="5" count="2" type="stmt"/>
        <line num="7" count="2" type="stmt"/>
        <line num="17" count="2" type="stmt"/>
        <line num="21" count="2" type="stmt"/>
        <line num="41" count="2" type="stmt"/>
      </file>
    </package>
    <package name="screens.profileTopScreen">
      <metrics statements="45" coveredstatements="44" conditionals="24" coveredconditionals="23" methods="6" coveredmethods="6"/>
      <file name="component.js" path="C:\Users\prafu\Desktop\Newzera\reactTest\simmpleApp\screens\profileTopScreen\component.js">
        <metrics statements="42" coveredstatements="41" conditionals="24" coveredconditionals="23" methods="6" coveredmethods="6"/>
        <line num="1" count="1" type="stmt"/>
        <line num="2" count="1" type="stmt"/>
        <line num="4" count="1" type="stmt"/>
        <line num="5" count="1" type="stmt"/>
        <line num="8" count="1" type="stmt"/>
        <line num="10" count="1" type="stmt"/>
        <line num="11" count="1" type="stmt"/>
        <line num="15" count="1" type="stmt"/>
        <line num="16" count="2" type="stmt"/>
        <line num="29" count="1" type="stmt"/>
        <line num="31" count="1" type="stmt"/>
        <line num="33" count="3" type="cond" truecount="4" falsecount="0"/>
        <line num="34" count="1" type="stmt"/>
        <line num="44" count="2" type="cond" truecount="4" falsecount="0"/>
        <line num="45" count="1" type="stmt"/>
        <line num="50" count="1" type="stmt"/>
        <line num="54" count="1" type="stmt"/>
        <line num="56" count="1" type="stmt"/>
        <line num="58" count="3" type="cond" truecount="4" falsecount="0"/>
        <line num="59" count="1" type="stmt"/>
        <line num="70" count="2" type="stmt"/>
        <line num="80" count="1" type="stmt"/>
        <line num="83" count="1" type="stmt"/>
        <line num="84" count="4" type="cond" truecount="4" falsecount="0"/>
        <line num="85" count="2" type="stmt"/>
        <line num="87" count="2" type="cond" truecount="4" falsecount="0"/>
        <line num="88" count="1" type="stmt"/>
        <line num="90" count="1" type="cond" truecount="3" falsecount="1"/>
        <line num="91" count="1" type="stmt"/>
        <line num="93" count="0" type="stmt"/>
        <line num="94" count="1" type="stmt"/>
        <line num="96" count="1" type="stmt"/>
        <line num="98" count="4" type="stmt"/>
        <line num="99" count="4" type="stmt"/>
        <line num="101" count="4" type="stmt"/>
        <line num="103" count="4" type="stmt"/>
        <line num="104" count="40" type="stmt"/>
        <line num="106" count="4" type="stmt"/>
        <line num="107" count="1" type="stmt"/>
        <line num="110" count="1" type="stmt"/>
        <line num="111" count="1" type="stmt"/>
        <line num="146" count="1" type="stmt"/>
      </file>
      <file name="profileTopStyle.js" path="C:\Users\prafu\Desktop\Newzera\reactTest\simmpleApp\screens\profileTopScreen\profileTopStyle.js">
        <metrics statements="3" coveredstatements="3" conditionals="0" coveredconditionals="0" methods="0" coveredmethods="0"/>
        <line num="1" count="1" type="stmt"/>
        <line num="3" count="1" type="stmt"/>
        <line num="70" count="1" type="stmt"/>
      </file>
    </package>
  </project>
</coverage>
