{"C:\\Users\\prafu\\Desktop\\Newzera\\reactTest\\simmpleApp\\component\\appBar\\appBar.js": {"path":"C:\\Users\\prafu\\Desktop\\Newzera\\reactTest\\simmpleApp\\component\\appBar\\appBar.js","statementMap":{"0":{"start":{"line":1,"column":42},"end":{"line":1,"column":97}},"1":{"start":{"line":1,"column":128},"end":{"line":1,"column":184}},"2":{"start":{"line":1,"column":185},"end":{"line":1,"column":247}},"3":{"start":{"line":1,"column":247},"end":{"line":1,"column":272}},"4":{"start":{"line":1,"column":295},"end":{"line":1,"column":367}},"5":{"start":{"line":1,"column":388},"end":{"line":1,"column":457}},"6":{"start":{"line":1,"column":475},"end":{"line":1,"column":541}},"7":{"start":{"line":1,"column":576},"end":{"line":1,"column":659}},"8":{"start":{"line":1,"column":683},"end":{"line":1,"column":755}},"9":{"start":{"line":1,"column":769},"end":{"line":1,"column":810}},"10":{"start":{"line":2,"column":19},"end":{"line":2,"column":42}},"11":{"start":{"line":3,"column":19},"end":{"line":3,"column":96}},"12":{"start":{"line":3,"column":116},"end":{"line":3,"column":205}},"13":{"start":{"line":3,"column":270},"end":{"line":3,"column":297}},"14":{"start":{"line":3,"column":298},"end":{"line":3,"column":659}},"15":{"start":{"line":3,"column":350},"end":{"line":3,"column":388}},"16":{"start":{"line":3,"column":396},"end":{"line":3,"column":595}},"17":{"start":{"line":3,"column":444},"end":{"line":3,"column":491}},"18":{"start":{"line":3,"column":492},"end":{"line":3,"column":548}},"19":{"start":{"line":3,"column":556},"end":{"line":3,"column":594}},"20":{"start":{"line":3,"column":595},"end":{"line":3,"column":657}},"21":{"start":{"line":3,"column":698},"end":{"line":3,"column":769}},"22":{"start":{"line":3,"column":756},"end":{"line":3,"column":769}},"23":{"start":{"line":3,"column":769},"end":{"line":3,"column":810}},"24":{"start":{"line":3,"column":797},"end":{"line":3,"column":810}},"25":{"start":{"line":3,"column":810},"end":{"line":3,"column":855}},"26":{"start":{"line":3,"column":843},"end":{"line":3,"column":855}},"27":{"start":{"line":3,"column":855},"end":{"line":3,"column":973}},"28":{"start":{"line":3,"column":860},"end":{"line":3,"column":934}},"29":{"start":{"line":3,"column":934},"end":{"line":3,"column":946}},"30":{"start":{"line":3,"column":959},"end":{"line":3,"column":972}},"31":{"start":{"line":5,"column":9},"end":{"line":15,"column":51}},"32":{"start":{"line":5,"column":38},"end":{"line":5,"column":88}},"33":{"start":{"line":5,"column":101},"end":{"line":5,"column":121}},"34":{"start":{"line":5,"column":141},"end":{"line":5,"column":185}},"35":{"start":{"line":5,"column":185},"end":{"line":5,"column":222}},"36":{"start":{"line":5,"column":223},"end":{"line":15,"column":10}},"37":{"start":{"line":9,"column":6},"end":{"line":12,"column":215}},"38":{"start":{"line":15,"column":10},"end":{"line":15,"column":24}},"39":{"start":{"line":21,"column":13},"end":{"line":31,"column":22}},"40":{"start":{"line":40,"column":0},"end":{"line":40,"column":6}},"41":{"start":{"line":40,"column":7},"end":{"line":40,"column":34}}},"fnMap":{"0":{"name":"_createSuper","decl":{"start":{"line":3,"column":215},"end":{"line":3,"column":227}},"loc":{"start":{"line":3,"column":237},"end":{"line":3,"column":660}},"line":3},"1":{"name":"_createSuperInternal","decl":{"start":{"line":3,"column":314},"end":{"line":3,"column":334}},"loc":{"start":{"line":3,"column":337},"end":{"line":3,"column":658}},"line":3},"2":{"name":"_isNativeReflectConstruct","decl":{"start":{"line":3,"column":669},"end":{"line":3,"column":694}},"loc":{"start":{"line":3,"column":697},"end":{"line":3,"column":974}},"line":3},"3":{"name":"(anonymous_3)","decl":{"start":{"line":3,"column":917},"end":{"line":3,"column":918}},"loc":{"start":{"line":3,"column":929},"end":{"line":3,"column":931}},"line":3},"4":{"name":"(anonymous_4)","decl":{"start":{"line":5,"column":9},"end":{"line":5,"column":10}},"loc":{"start":{"line":5,"column":37},"end":{"line":15,"column":25}},"line":5},"5":{"name":"AppBar","decl":{"start":{"line":5,"column":131},"end":{"line":5,"column":137}},"loc":{"start":{"line":5,"column":140},"end":{"line":5,"column":223}},"line":5},"6":{"name":"render","decl":{"start":{"line":5,"column":292},"end":{"line":5,"column":298}},"loc":{"start":{"line":8,"column":4},"end":{"line":15,"column":5}},"line":8}},"branchMap":{"0":{"loc":{"start":{"line":3,"column":396},"end":{"line":3,"column":595}},"type":"if","locations":[{"start":{"line":3,"column":396},"end":{"line":3,"column":595}},{"start":{"line":3,"column":396},"end":{"line":3,"column":595}}],"line":3},"1":{"loc":{"start":{"line":3,"column":698},"end":{"line":3,"column":769}},"type":"if","locations":[{"start":{"line":3,"column":698},"end":{"line":3,"column":769}},{"start":{"line":3,"column":698},"end":{"line":3,"column":769}}],"line":3},"2":{"loc":{"start":{"line":3,"column":702},"end":{"line":3,"column":754}},"type":"binary-expr","locations":[{"start":{"line":3,"column":702},"end":{"line":3,"column":732}},{"start":{"line":3,"column":736},"end":{"line":3,"column":754}}],"line":3},"3":{"loc":{"start":{"line":3,"column":769},"end":{"line":3,"column":810}},"type":"if","locations":[{"start":{"line":3,"column":769},"end":{"line":3,"column":810}},{"start":{"line":3,"column":769},"end":{"line":3,"column":810}}],"line":3},"4":{"loc":{"start":{"line":3,"column":810},"end":{"line":3,"column":855}},"type":"if","locations":[{"start":{"line":3,"column":810},"end":{"line":3,"column":855}},{"start":{"line":3,"column":810},"end":{"line":3,"column":855}}],"line":3}},"s":{"0":1,"1":1,"2":1,"3":1,"4":1,"5":1,"6":1,"7":1,"8":1,"9":1,"10":1,"11":1,"12":1,"13":1,"14":1,"15":2,"16":2,"17":2,"18":2,"19":0,"20":2,"21":1,"22":0,"23":1,"24":0,"25":1,"26":1,"27":0,"28":0,"29":0,"30":0,"31":1,"32":1,"33":1,"34":2,"35":2,"36":1,"37":2,"38":1,"39":1,"40":1,"41":1},"f":{"0":1,"1":2,"2":1,"3":0,"4":1,"5":2,"6":2},"b":{"0":[2,0],"1":[0,1],"2":[1,1],"3":[0,1],"4":[1,0]},"inputSourceMap":null,"_coverageSchema":"1a1c01bbd47fc00a2c39e90264f33305004495a9","hash":"34b8fb45d0803092500b9b67dee4bd8163949c4d"}
,"C:\\Users\\prafu\\Desktop\\Newzera\\reactTest\\simmpleApp\\component\\appBar\\index.js": {"path":"C:\\Users\\prafu\\Desktop\\Newzera\\reactTest\\simmpleApp\\component\\appBar\\index.js","statementMap":{"0":{"start":{"line":1,"column":42},"end":{"line":1,"column":97}},"1":{"start":{"line":1,"column":98},"end":{"line":1,"column":160}},"2":{"start":{"line":1,"column":160},"end":{"line":1,"column":185}},"3":{"start":{"line":1,"column":199},"end":{"line":1,"column":242}},"4":{"start":{"line":4,"column":0},"end":{"line":4,"column":15}},"5":{"start":{"line":4,"column":16},"end":{"line":4,"column":43}}},"fnMap":{},"branchMap":{},"s":{"0":1,"1":1,"2":1,"3":1,"4":1,"5":1},"f":{},"b":{},"inputSourceMap":null,"_coverageSchema":"1a1c01bbd47fc00a2c39e90264f33305004495a9","hash":"2e583c4b48b2b3c13d023f8001edf2168295aeb8"}
,"C:\\Users\\prafu\\Desktop\\Newzera\\reactTest\\simmpleApp\\component\\bottomShapesBar\\bottomShapeBar.js": {"path":"C:\\Users\\prafu\\Desktop\\Newzera\\reactTest\\simmpleApp\\component\\bottomShapesBar\\bottomShapeBar.js","statementMap":{"0":{"start":{"line":1,"column":42},"end":{"line":1,"column":97}},"1":{"start":{"line":1,"column":98},"end":{"line":1,"column":160}},"2":{"start":{"line":1,"column":160},"end":{"line":1,"column":185}},"3":{"start":{"line":1,"column":208},"end":{"line":1,"column":280}},"4":{"start":{"line":1,"column":301},"end":{"line":1,"column":370}},"5":{"start":{"line":1,"column":388},"end":{"line":1,"column":454}},"6":{"start":{"line":1,"column":489},"end":{"line":1,"column":572}},"7":{"start":{"line":1,"column":596},"end":{"line":1,"column":668}},"8":{"start":{"line":1,"column":682},"end":{"line":1,"column":722}},"9":{"start":{"line":2,"column":19},"end":{"line":2,"column":42}},"10":{"start":{"line":2,"column":62},"end":{"line":2,"column":168}},"11":{"start":{"line":2,"column":233},"end":{"line":2,"column":260}},"12":{"start":{"line":2,"column":261},"end":{"line":2,"column":622}},"13":{"start":{"line":2,"column":313},"end":{"line":2,"column":351}},"14":{"start":{"line":2,"column":359},"end":{"line":2,"column":558}},"15":{"start":{"line":2,"column":407},"end":{"line":2,"column":454}},"16":{"start":{"line":2,"column":455},"end":{"line":2,"column":511}},"17":{"start":{"line":2,"column":519},"end":{"line":2,"column":557}},"18":{"start":{"line":2,"column":558},"end":{"line":2,"column":620}},"19":{"start":{"line":2,"column":661},"end":{"line":2,"column":732}},"20":{"start":{"line":2,"column":719},"end":{"line":2,"column":732}},"21":{"start":{"line":2,"column":732},"end":{"line":2,"column":773}},"22":{"start":{"line":2,"column":760},"end":{"line":2,"column":773}},"23":{"start":{"line":2,"column":773},"end":{"line":2,"column":818}},"24":{"start":{"line":2,"column":806},"end":{"line":2,"column":818}},"25":{"start":{"line":2,"column":818},"end":{"line":2,"column":936}},"26":{"start":{"line":2,"column":823},"end":{"line":2,"column":897}},"27":{"start":{"line":2,"column":897},"end":{"line":2,"column":909}},"28":{"start":{"line":2,"column":922},"end":{"line":2,"column":935}},"29":{"start":{"line":6,"column":17},"end":{"line":21,"column":59}},"30":{"start":{"line":6,"column":46},"end":{"line":6,"column":104}},"31":{"start":{"line":6,"column":117},"end":{"line":6,"column":145}},"32":{"start":{"line":6,"column":173},"end":{"line":6,"column":225}},"33":{"start":{"line":6,"column":225},"end":{"line":6,"column":262}},"34":{"start":{"line":6,"column":263},"end":{"line":21,"column":10}},"35":{"start":{"line":8,"column":6},"end":{"line":16,"column":207}},"36":{"start":{"line":21,"column":10},"end":{"line":21,"column":32}},"37":{"start":{"line":24,"column":16},"end":{"line":24,"column":18}},"38":{"start":{"line":25,"column":17},"end":{"line":25,"column":25}},"39":{"start":{"line":27,"column":13},"end":{"line":81,"column":32}},"40":{"start":{"line":86,"column":0},"end":{"line":86,"column":14}},"41":{"start":{"line":86,"column":15},"end":{"line":86,"column":42}}},"fnMap":{"0":{"name":"_createSuper","decl":{"start":{"line":2,"column":178},"end":{"line":2,"column":190}},"loc":{"start":{"line":2,"column":200},"end":{"line":2,"column":623}},"line":2},"1":{"name":"_createSuperInternal","decl":{"start":{"line":2,"column":277},"end":{"line":2,"column":297}},"loc":{"start":{"line":2,"column":300},"end":{"line":2,"column":621}},"line":2},"2":{"name":"_isNativeReflectConstruct","decl":{"start":{"line":2,"column":632},"end":{"line":2,"column":657}},"loc":{"start":{"line":2,"column":660},"end":{"line":2,"column":937}},"line":2},"3":{"name":"(anonymous_3)","decl":{"start":{"line":2,"column":880},"end":{"line":2,"column":881}},"loc":{"start":{"line":2,"column":892},"end":{"line":2,"column":894}},"line":2},"4":{"name":"(anonymous_4)","decl":{"start":{"line":6,"column":17},"end":{"line":6,"column":18}},"loc":{"start":{"line":6,"column":45},"end":{"line":21,"column":33}},"line":6},"5":{"name":"BottomFancyBar","decl":{"start":{"line":6,"column":155},"end":{"line":6,"column":169}},"loc":{"start":{"line":6,"column":172},"end":{"line":6,"column":263}},"line":6},"6":{"name":"render","decl":{"start":{"line":6,"column":340},"end":{"line":6,"column":346}},"loc":{"start":{"line":7,"column":4},"end":{"line":21,"column":5}},"line":7}},"branchMap":{"0":{"loc":{"start":{"line":2,"column":359},"end":{"line":2,"column":558}},"type":"if","locations":[{"start":{"line":2,"column":359},"end":{"line":2,"column":558}},{"start":{"line":2,"column":359},"end":{"line":2,"column":558}}],"line":2},"1":{"loc":{"start":{"line":2,"column":661},"end":{"line":2,"column":732}},"type":"if","locations":[{"start":{"line":2,"column":661},"end":{"line":2,"column":732}},{"start":{"line":2,"column":661},"end":{"line":2,"column":732}}],"line":2},"2":{"loc":{"start":{"line":2,"column":665},"end":{"line":2,"column":717}},"type":"binary-expr","locations":[{"start":{"line":2,"column":665},"end":{"line":2,"column":695}},{"start":{"line":2,"column":699},"end":{"line":2,"column":717}}],"line":2},"3":{"loc":{"start":{"line":2,"column":732},"end":{"line":2,"column":773}},"type":"if","locations":[{"start":{"line":2,"column":732},"end":{"line":2,"column":773}},{"start":{"line":2,"column":732},"end":{"line":2,"column":773}}],"line":2},"4":{"loc":{"start":{"line":2,"column":773},"end":{"line":2,"column":818}},"type":"if","locations":[{"start":{"line":2,"column":773},"end":{"line":2,"column":818}},{"start":{"line":2,"column":773},"end":{"line":2,"column":818}}],"line":2}},"s":{"0":1,"1":1,"2":1,"3":1,"4":1,"5":1,"6":1,"7":1,"8":1,"9":1,"10":1,"11":1,"12":1,"13":2,"14":2,"15":2,"16":2,"17":0,"18":2,"19":1,"20":0,"21":1,"22":0,"23":1,"24":1,"25":0,"26":0,"27":0,"28":0,"29":1,"30":1,"31":1,"32":2,"33":2,"34":1,"35":2,"36":1,"37":1,"38":1,"39":1,"40":1,"41":1},"f":{"0":1,"1":2,"2":1,"3":0,"4":1,"5":2,"6":2},"b":{"0":[2,0],"1":[0,1],"2":[1,1],"3":[0,1],"4":[1,0]},"inputSourceMap":null,"_coverageSchema":"1a1c01bbd47fc00a2c39e90264f33305004495a9","hash":"7814b736c7641db6b11ee2fcf98550f10ab69be7"}
,"C:\\Users\\prafu\\Desktop\\Newzera\\reactTest\\simmpleApp\\component\\bottomShapesBar\\index.js": {"path":"C:\\Users\\prafu\\Desktop\\Newzera\\reactTest\\simmpleApp\\component\\bottomShapesBar\\index.js","statementMap":{"0":{"start":{"line":1,"column":42},"end":{"line":1,"column":97}},"1":{"start":{"line":1,"column":98},"end":{"line":1,"column":160}},"2":{"start":{"line":1,"column":160},"end":{"line":1,"column":185}},"3":{"start":{"line":1,"column":207},"end":{"line":1,"column":258}},"4":{"start":{"line":3,"column":0},"end":{"line":3,"column":23}},"5":{"start":{"line":3,"column":24},"end":{"line":3,"column":51}}},"fnMap":{},"branchMap":{},"s":{"0":1,"1":1,"2":1,"3":1,"4":1,"5":1},"f":{},"b":{},"inputSourceMap":null,"_coverageSchema":"1a1c01bbd47fc00a2c39e90264f33305004495a9","hash":"03bcea5b79b8e7f0f360ab3aa82e3e24fd589100"}
,"C:\\Users\\prafu\\Desktop\\Newzera\\reactTest\\simmpleApp\\component\\progressBar\\index.js": {"path":"C:\\Users\\prafu\\Desktop\\Newzera\\reactTest\\simmpleApp\\component\\progressBar\\index.js","statementMap":{"0":{"start":{"line":1,"column":42},"end":{"line":1,"column":97}},"1":{"start":{"line":1,"column":98},"end":{"line":1,"column":160}},"2":{"start":{"line":1,"column":160},"end":{"line":1,"column":185}},"3":{"start":{"line":1,"column":204},"end":{"line":1,"column":252}},"4":{"start":{"line":4,"column":0},"end":{"line":4,"column":20}},"5":{"start":{"line":4,"column":21},"end":{"line":4,"column":48}}},"fnMap":{},"branchMap":{},"s":{"0":1,"1":1,"2":1,"3":1,"4":1,"5":1},"f":{},"b":{},"inputSourceMap":null,"_coverageSchema":"1a1c01bbd47fc00a2c39e90264f33305004495a9","hash":"493f1c98bb4440a67aebbfb475f96085b52c81f2"}
,"C:\\Users\\prafu\\Desktop\\Newzera\\reactTest\\simmpleApp\\component\\progressBar\\progressBar.js": {"path":"C:\\Users\\prafu\\Desktop\\Newzera\\reactTest\\simmpleApp\\component\\progressBar\\progressBar.js","statementMap":{"0":{"start":{"line":1,"column":42},"end":{"line":1,"column":97}},"1":{"start":{"line":1,"column":128},"end":{"line":1,"column":184}},"2":{"start":{"line":1,"column":185},"end":{"line":1,"column":247}},"3":{"start":{"line":1,"column":247},"end":{"line":1,"column":272}},"4":{"start":{"line":1,"column":295},"end":{"line":1,"column":367}},"5":{"start":{"line":1,"column":388},"end":{"line":1,"column":457}},"6":{"start":{"line":1,"column":475},"end":{"line":1,"column":541}},"7":{"start":{"line":1,"column":576},"end":{"line":1,"column":659}},"8":{"start":{"line":1,"column":683},"end":{"line":1,"column":755}},"9":{"start":{"line":1,"column":769},"end":{"line":1,"column":810}},"10":{"start":{"line":2,"column":19},"end":{"line":2,"column":42}},"11":{"start":{"line":2,"column":62},"end":{"line":2,"column":161}},"12":{"start":{"line":2,"column":226},"end":{"line":2,"column":253}},"13":{"start":{"line":2,"column":254},"end":{"line":2,"column":615}},"14":{"start":{"line":2,"column":306},"end":{"line":2,"column":344}},"15":{"start":{"line":2,"column":352},"end":{"line":2,"column":551}},"16":{"start":{"line":2,"column":400},"end":{"line":2,"column":447}},"17":{"start":{"line":2,"column":448},"end":{"line":2,"column":504}},"18":{"start":{"line":2,"column":512},"end":{"line":2,"column":550}},"19":{"start":{"line":2,"column":551},"end":{"line":2,"column":613}},"20":{"start":{"line":2,"column":654},"end":{"line":2,"column":725}},"21":{"start":{"line":2,"column":712},"end":{"line":2,"column":725}},"22":{"start":{"line":2,"column":725},"end":{"line":2,"column":766}},"23":{"start":{"line":2,"column":753},"end":{"line":2,"column":766}},"24":{"start":{"line":2,"column":766},"end":{"line":2,"column":811}},"25":{"start":{"line":2,"column":799},"end":{"line":2,"column":811}},"26":{"start":{"line":2,"column":811},"end":{"line":2,"column":929}},"27":{"start":{"line":2,"column":816},"end":{"line":2,"column":890}},"28":{"start":{"line":2,"column":890},"end":{"line":2,"column":902}},"29":{"start":{"line":2,"column":915},"end":{"line":2,"column":928}},"30":{"start":{"line":5,"column":14},"end":{"line":38,"column":56}},"31":{"start":{"line":5,"column":43},"end":{"line":5,"column":98}},"32":{"start":{"line":5,"column":111},"end":{"line":5,"column":136}},"33":{"start":{"line":5,"column":171},"end":{"line":5,"column":220}},"34":{"start":{"line":5,"column":220},"end":{"line":5,"column":340}},"35":{"start":{"line":5,"column":236},"end":{"line":5,"column":252}},"36":{"start":{"line":5,"column":261},"end":{"line":5,"column":276}},"37":{"start":{"line":5,"column":285},"end":{"line":5,"column":286}},"38":{"start":{"line":5,"column":310},"end":{"line":5,"column":339}},"39":{"start":{"line":5,"column":340},"end":{"line":5,"column":395}},"40":{"start":{"line":5,"column":395},"end":{"line":7,"column":26}},"41":{"start":{"line":7,"column":26},"end":{"line":9,"column":70}},"42":{"start":{"line":9,"column":70},"end":{"line":13,"column":31}},"43":{"start":{"line":13,"column":31},"end":{"line":27,"column":6}},"44":{"start":{"line":23,"column":6},"end":{"line":25,"column":9}},"45":{"start":{"line":23,"column":58},"end":{"line":23,"column":68}},"46":{"start":{"line":24,"column":8},"end":{"line":24,"column":64}},"47":{"start":{"line":26,"column":6},"end":{"line":26,"column":30}},"48":{"start":{"line":27,"column":6},"end":{"line":27,"column":19}},"49":{"start":{"line":27,"column":20},"end":{"line":38,"column":10}},"50":{"start":{"line":27,"column":126},"end":{"line":27,"column":143}},"51":{"start":{"line":27,"column":219},"end":{"line":27,"column":241}},"52":{"start":{"line":27,"column":241},"end":{"line":27,"column":272}},"53":{"start":{"line":29,"column":6},"end":{"line":33,"column":159}},"54":{"start":{"line":38,"column":10},"end":{"line":38,"column":29}},"55":{"start":{"line":40,"column":13},"end":{"line":56,"column":33}},"56":{"start":{"line":60,"column":0},"end":{"line":60,"column":11}},"57":{"start":{"line":60,"column":12},"end":{"line":60,"column":39}}},"fnMap":{"0":{"name":"_createSuper","decl":{"start":{"line":2,"column":171},"end":{"line":2,"column":183}},"loc":{"start":{"line":2,"column":193},"end":{"line":2,"column":616}},"line":2},"1":{"name":"_createSuperInternal","decl":{"start":{"line":2,"column":270},"end":{"line":2,"column":290}},"loc":{"start":{"line":2,"column":293},"end":{"line":2,"column":614}},"line":2},"2":{"name":"_isNativeReflectConstruct","decl":{"start":{"line":2,"column":625},"end":{"line":2,"column":650}},"loc":{"start":{"line":2,"column":653},"end":{"line":2,"column":930}},"line":2},"3":{"name":"(anonymous_3)","decl":{"start":{"line":2,"column":873},"end":{"line":2,"column":874}},"loc":{"start":{"line":2,"column":885},"end":{"line":2,"column":887}},"line":2},"4":{"name":"(anonymous_4)","decl":{"start":{"line":5,"column":14},"end":{"line":5,"column":15}},"loc":{"start":{"line":5,"column":42},"end":{"line":38,"column":30}},"line":5},"5":{"name":"ProgressBar","decl":{"start":{"line":5,"column":146},"end":{"line":5,"column":157}},"loc":{"start":{"line":5,"column":160},"end":{"line":27,"column":20}},"line":5},"6":{"name":"(anonymous_6)","decl":{"start":{"line":22,"column":16},"end":{"line":22,"column":17}},"loc":{"start":{"line":22,"column":28},"end":{"line":27,"column":5}},"line":22},"7":{"name":"(anonymous_7)","decl":{"start":{"line":23,"column":29},"end":{"line":23,"column":30}},"loc":{"start":{"line":23,"column":45},"end":{"line":25,"column":7}},"line":23},"8":{"name":"componentDidMount","decl":{"start":{"line":27,"column":105},"end":{"line":27,"column":122}},"loc":{"start":{"line":27,"column":125},"end":{"line":27,"column":144}},"line":27},"9":{"name":"componentWillUnmount","decl":{"start":{"line":27,"column":195},"end":{"line":27,"column":215}},"loc":{"start":{"line":27,"column":218},"end":{"line":27,"column":273}},"line":27},"10":{"name":"render","decl":{"start":{"line":27,"column":310},"end":{"line":27,"column":316}},"loc":{"start":{"line":28,"column":4},"end":{"line":38,"column":5}},"line":28}},"branchMap":{"0":{"loc":{"start":{"line":2,"column":352},"end":{"line":2,"column":551}},"type":"if","locations":[{"start":{"line":2,"column":352},"end":{"line":2,"column":551}},{"start":{"line":2,"column":352},"end":{"line":2,"column":551}}],"line":2},"1":{"loc":{"start":{"line":2,"column":654},"end":{"line":2,"column":725}},"type":"if","locations":[{"start":{"line":2,"column":654},"end":{"line":2,"column":725}},{"start":{"line":2,"column":654},"end":{"line":2,"column":725}}],"line":2},"2":{"loc":{"start":{"line":2,"column":658},"end":{"line":2,"column":710}},"type":"binary-expr","locations":[{"start":{"line":2,"column":658},"end":{"line":2,"column":688}},{"start":{"line":2,"column":692},"end":{"line":2,"column":710}}],"line":2},"3":{"loc":{"start":{"line":2,"column":725},"end":{"line":2,"column":766}},"type":"if","locations":[{"start":{"line":2,"column":725},"end":{"line":2,"column":766}},{"start":{"line":2,"column":725},"end":{"line":2,"column":766}}],"line":2},"4":{"loc":{"start":{"line":2,"column":766},"end":{"line":2,"column":811}},"type":"if","locations":[{"start":{"line":2,"column":766},"end":{"line":2,"column":811}},{"start":{"line":2,"column":766},"end":{"line":2,"column":811}}],"line":2}},"s":{"0":1,"1":1,"2":1,"3":1,"4":1,"5":1,"6":1,"7":1,"8":1,"9":1,"10":1,"11":1,"12":1,"13":1,"14":1,"15":1,"16":1,"17":1,"18":0,"19":1,"20":1,"21":0,"22":1,"23":0,"24":1,"25":1,"26":0,"27":0,"28":0,"29":0,"30":1,"31":1,"32":1,"33":1,"34":1,"35":1,"36":1,"37":1,"38":3,"39":1,"40":1,"41":1,"42":0,"43":0,"44":0,"45":0,"46":0,"47":0,"48":0,"49":1,"50":0,"51":0,"52":0,"53":0,"54":1,"55":1,"56":1,"57":1},"f":{"0":1,"1":1,"2":1,"3":0,"4":1,"5":1,"6":0,"7":0,"8":0,"9":0,"10":0},"b":{"0":[1,0],"1":[0,1],"2":[1,1],"3":[0,1],"4":[1,0]},"inputSourceMap":null,"_coverageSchema":"1a1c01bbd47fc00a2c39e90264f33305004495a9","hash":"925dddbaf3877d2572092be058205986f208c530"}
,"C:\\Users\\prafu\\Desktop\\Newzera\\reactTest\\simmpleApp\\component\\statusAddIcon\\index.js": {"path":"C:\\Users\\prafu\\Desktop\\Newzera\\reactTest\\simmpleApp\\component\\statusAddIcon\\index.js","statementMap":{"0":{"start":{"line":1,"column":42},"end":{"line":1,"column":97}},"1":{"start":{"line":1,"column":98},"end":{"line":1,"column":160}},"2":{"start":{"line":1,"column":160},"end":{"line":1,"column":185}},"3":{"start":{"line":1,"column":206},"end":{"line":1,"column":256}},"4":{"start":{"line":3,"column":0},"end":{"line":3,"column":22}},"5":{"start":{"line":3,"column":23},"end":{"line":3,"column":50}}},"fnMap":{},"branchMap":{},"s":{"0":2,"1":2,"2":2,"3":2,"4":2,"5":2},"f":{},"b":{},"inputSourceMap":null,"_coverageSchema":"1a1c01bbd47fc00a2c39e90264f33305004495a9","hash":"a7ee04c00f5bd44abd017ac92a6708ad1e343a71"}
,"C:\\Users\\prafu\\Desktop\\Newzera\\reactTest\\simmpleApp\\component\\statusAddIcon\\statusAddIcon.js": {"path":"C:\\Users\\prafu\\Desktop\\Newzera\\reactTest\\simmpleApp\\component\\statusAddIcon\\statusAddIcon.js","statementMap":{"0":{"start":{"line":1,"column":42},"end":{"line":1,"column":97}},"1":{"start":{"line":1,"column":98},"end":{"line":1,"column":160}},"2":{"start":{"line":1,"column":160},"end":{"line":1,"column":185}},"3":{"start":{"line":1,"column":208},"end":{"line":1,"column":280}},"4":{"start":{"line":1,"column":301},"end":{"line":1,"column":370}},"5":{"start":{"line":1,"column":388},"end":{"line":1,"column":454}},"6":{"start":{"line":1,"column":489},"end":{"line":1,"column":572}},"7":{"start":{"line":1,"column":596},"end":{"line":1,"column":668}},"8":{"start":{"line":1,"column":682},"end":{"line":1,"column":722}},"9":{"start":{"line":2,"column":19},"end":{"line":2,"column":96}},"10":{"start":{"line":3,"column":19},"end":{"line":3,"column":42}},"11":{"start":{"line":3,"column":62},"end":{"line":3,"column":165}},"12":{"start":{"line":3,"column":230},"end":{"line":3,"column":257}},"13":{"start":{"line":3,"column":258},"end":{"line":3,"column":619}},"14":{"start":{"line":3,"column":310},"end":{"line":3,"column":348}},"15":{"start":{"line":3,"column":356},"end":{"line":3,"column":555}},"16":{"start":{"line":3,"column":404},"end":{"line":3,"column":451}},"17":{"start":{"line":3,"column":452},"end":{"line":3,"column":508}},"18":{"start":{"line":3,"column":516},"end":{"line":3,"column":554}},"19":{"start":{"line":3,"column":555},"end":{"line":3,"column":617}},"20":{"start":{"line":3,"column":658},"end":{"line":3,"column":729}},"21":{"start":{"line":3,"column":716},"end":{"line":3,"column":729}},"22":{"start":{"line":3,"column":729},"end":{"line":3,"column":770}},"23":{"start":{"line":3,"column":757},"end":{"line":3,"column":770}},"24":{"start":{"line":3,"column":770},"end":{"line":3,"column":815}},"25":{"start":{"line":3,"column":803},"end":{"line":3,"column":815}},"26":{"start":{"line":3,"column":815},"end":{"line":3,"column":933}},"27":{"start":{"line":3,"column":820},"end":{"line":3,"column":894}},"28":{"start":{"line":3,"column":894},"end":{"line":3,"column":906}},"29":{"start":{"line":3,"column":919},"end":{"line":3,"column":932}},"30":{"start":{"line":5,"column":16},"end":{"line":19,"column":58}},"31":{"start":{"line":5,"column":45},"end":{"line":5,"column":102}},"32":{"start":{"line":5,"column":115},"end":{"line":5,"column":142}},"33":{"start":{"line":5,"column":169},"end":{"line":5,"column":220}},"34":{"start":{"line":5,"column":220},"end":{"line":5,"column":257}},"35":{"start":{"line":5,"column":258},"end":{"line":19,"column":10}},"36":{"start":{"line":9,"column":6},"end":{"line":14,"column":213}},"37":{"start":{"line":19,"column":10},"end":{"line":19,"column":31}},"38":{"start":{"line":25,"column":13},"end":{"line":41,"column":34}},"39":{"start":{"line":47,"column":0},"end":{"line":47,"column":13}},"40":{"start":{"line":47,"column":14},"end":{"line":47,"column":41}}},"fnMap":{"0":{"name":"_createSuper","decl":{"start":{"line":3,"column":175},"end":{"line":3,"column":187}},"loc":{"start":{"line":3,"column":197},"end":{"line":3,"column":620}},"line":3},"1":{"name":"_createSuperInternal","decl":{"start":{"line":3,"column":274},"end":{"line":3,"column":294}},"loc":{"start":{"line":3,"column":297},"end":{"line":3,"column":618}},"line":3},"2":{"name":"_isNativeReflectConstruct","decl":{"start":{"line":3,"column":629},"end":{"line":3,"column":654}},"loc":{"start":{"line":3,"column":657},"end":{"line":3,"column":934}},"line":3},"3":{"name":"(anonymous_3)","decl":{"start":{"line":3,"column":877},"end":{"line":3,"column":878}},"loc":{"start":{"line":3,"column":889},"end":{"line":3,"column":891}},"line":3},"4":{"name":"(anonymous_4)","decl":{"start":{"line":5,"column":16},"end":{"line":5,"column":17}},"loc":{"start":{"line":5,"column":44},"end":{"line":19,"column":32}},"line":5},"5":{"name":"AddStatusIcon","decl":{"start":{"line":5,"column":152},"end":{"line":5,"column":165}},"loc":{"start":{"line":5,"column":168},"end":{"line":5,"column":258}},"line":5},"6":{"name":"render","decl":{"start":{"line":5,"column":334},"end":{"line":5,"column":340}},"loc":{"start":{"line":8,"column":4},"end":{"line":19,"column":5}},"line":8}},"branchMap":{"0":{"loc":{"start":{"line":3,"column":356},"end":{"line":3,"column":555}},"type":"if","locations":[{"start":{"line":3,"column":356},"end":{"line":3,"column":555}},{"start":{"line":3,"column":356},"end":{"line":3,"column":555}}],"line":3},"1":{"loc":{"start":{"line":3,"column":658},"end":{"line":3,"column":729}},"type":"if","locations":[{"start":{"line":3,"column":658},"end":{"line":3,"column":729}},{"start":{"line":3,"column":658},"end":{"line":3,"column":729}}],"line":3},"2":{"loc":{"start":{"line":3,"column":662},"end":{"line":3,"column":714}},"type":"binary-expr","locations":[{"start":{"line":3,"column":662},"end":{"line":3,"column":692}},{"start":{"line":3,"column":696},"end":{"line":3,"column":714}}],"line":3},"3":{"loc":{"start":{"line":3,"column":729},"end":{"line":3,"column":770}},"type":"if","locations":[{"start":{"line":3,"column":729},"end":{"line":3,"column":770}},{"start":{"line":3,"column":729},"end":{"line":3,"column":770}}],"line":3},"4":{"loc":{"start":{"line":3,"column":770},"end":{"line":3,"column":815}},"type":"if","locations":[{"start":{"line":3,"column":770},"end":{"line":3,"column":815}},{"start":{"line":3,"column":770},"end":{"line":3,"column":815}}],"line":3}},"s":{"0":2,"1":2,"2":2,"3":2,"4":2,"5":2,"6":2,"7":2,"8":2,"9":2,"10":2,"11":2,"12":2,"13":2,"14":3,"15":3,"16":3,"17":3,"18":0,"19":3,"20":2,"21":0,"22":2,"23":0,"24":2,"25":2,"26":0,"27":0,"28":0,"29":0,"30":2,"31":2,"32":2,"33":3,"34":3,"35":2,"36":3,"37":2,"38":2,"39":2,"40":2},"f":{"0":2,"1":3,"2":2,"3":0,"4":2,"5":3,"6":3},"b":{"0":[3,0],"1":[0,2],"2":[2,2],"3":[0,2],"4":[2,0]},"inputSourceMap":null,"_coverageSchema":"1a1c01bbd47fc00a2c39e90264f33305004495a9","hash":"7eec281d11fe92a0c05801382de1cf8b2aeb590a"}
,"C:\\Users\\prafu\\Desktop\\Newzera\\reactTest\\simmpleApp\\component\\statusDots\\index.js": {"path":"C:\\Users\\prafu\\Desktop\\Newzera\\reactTest\\simmpleApp\\component\\statusDots\\index.js","statementMap":{"0":{"start":{"line":1,"column":42},"end":{"line":1,"column":97}},"1":{"start":{"line":1,"column":98},"end":{"line":1,"column":160}},"2":{"start":{"line":1,"column":160},"end":{"line":1,"column":185}},"3":{"start":{"line":1,"column":203},"end":{"line":1,"column":250}},"4":{"start":{"line":4,"column":0},"end":{"line":4,"column":19}},"5":{"start":{"line":4,"column":20},"end":{"line":4,"column":47}}},"fnMap":{},"branchMap":{},"s":{"0":2,"1":2,"2":2,"3":2,"4":2,"5":2},"f":{},"b":{},"inputSourceMap":null,"_coverageSchema":"1a1c01bbd47fc00a2c39e90264f33305004495a9","hash":"1214c9f09071e1f5da14bb214f149c8445f21bb5"}
,"C:\\Users\\prafu\\Desktop\\Newzera\\reactTest\\simmpleApp\\component\\statusDots\\statusDots.js": {"path":"C:\\Users\\prafu\\Desktop\\Newzera\\reactTest\\simmpleApp\\component\\statusDots\\statusDots.js","statementMap":{"0":{"start":{"line":1,"column":42},"end":{"line":1,"column":97}},"1":{"start":{"line":1,"column":98},"end":{"line":1,"column":160}},"2":{"start":{"line":1,"column":160},"end":{"line":1,"column":185}},"3":{"start":{"line":1,"column":208},"end":{"line":1,"column":280}},"4":{"start":{"line":1,"column":301},"end":{"line":1,"column":370}},"5":{"start":{"line":1,"column":388},"end":{"line":1,"column":454}},"6":{"start":{"line":1,"column":489},"end":{"line":1,"column":572}},"7":{"start":{"line":1,"column":596},"end":{"line":1,"column":668}},"8":{"start":{"line":1,"column":682},"end":{"line":1,"column":722}},"9":{"start":{"line":2,"column":19},"end":{"line":2,"column":96}},"10":{"start":{"line":3,"column":19},"end":{"line":3,"column":42}},"11":{"start":{"line":3,"column":62},"end":{"line":3,"column":159}},"12":{"start":{"line":3,"column":224},"end":{"line":3,"column":251}},"13":{"start":{"line":3,"column":252},"end":{"line":3,"column":613}},"14":{"start":{"line":3,"column":304},"end":{"line":3,"column":342}},"15":{"start":{"line":3,"column":350},"end":{"line":3,"column":549}},"16":{"start":{"line":3,"column":398},"end":{"line":3,"column":445}},"17":{"start":{"line":3,"column":446},"end":{"line":3,"column":502}},"18":{"start":{"line":3,"column":510},"end":{"line":3,"column":548}},"19":{"start":{"line":3,"column":549},"end":{"line":3,"column":611}},"20":{"start":{"line":3,"column":652},"end":{"line":3,"column":723}},"21":{"start":{"line":3,"column":710},"end":{"line":3,"column":723}},"22":{"start":{"line":3,"column":723},"end":{"line":3,"column":764}},"23":{"start":{"line":3,"column":751},"end":{"line":3,"column":764}},"24":{"start":{"line":3,"column":764},"end":{"line":3,"column":809}},"25":{"start":{"line":3,"column":797},"end":{"line":3,"column":809}},"26":{"start":{"line":3,"column":809},"end":{"line":3,"column":927}},"27":{"start":{"line":3,"column":814},"end":{"line":3,"column":888}},"28":{"start":{"line":3,"column":888},"end":{"line":3,"column":900}},"29":{"start":{"line":3,"column":913},"end":{"line":3,"column":926}},"30":{"start":{"line":5,"column":13},"end":{"line":17,"column":55}},"31":{"start":{"line":5,"column":42},"end":{"line":5,"column":96}},"32":{"start":{"line":5,"column":109},"end":{"line":5,"column":133}},"33":{"start":{"line":5,"column":157},"end":{"line":5,"column":205}},"34":{"start":{"line":5,"column":205},"end":{"line":5,"column":242}},"35":{"start":{"line":5,"column":243},"end":{"line":17,"column":10}},"36":{"start":{"line":7,"column":6},"end":{"line":13,"column":200}},"37":{"start":{"line":17,"column":10},"end":{"line":17,"column":28}},"38":{"start":{"line":21,"column":13},"end":{"line":36,"column":22}},"39":{"start":{"line":41,"column":0},"end":{"line":41,"column":10}},"40":{"start":{"line":41,"column":11},"end":{"line":41,"column":38}}},"fnMap":{"0":{"name":"_createSuper","decl":{"start":{"line":3,"column":169},"end":{"line":3,"column":181}},"loc":{"start":{"line":3,"column":191},"end":{"line":3,"column":614}},"line":3},"1":{"name":"_createSuperInternal","decl":{"start":{"line":3,"column":268},"end":{"line":3,"column":288}},"loc":{"start":{"line":3,"column":291},"end":{"line":3,"column":612}},"line":3},"2":{"name":"_isNativeReflectConstruct","decl":{"start":{"line":3,"column":623},"end":{"line":3,"column":648}},"loc":{"start":{"line":3,"column":651},"end":{"line":3,"column":928}},"line":3},"3":{"name":"(anonymous_3)","decl":{"start":{"line":3,"column":871},"end":{"line":3,"column":872}},"loc":{"start":{"line":3,"column":883},"end":{"line":3,"column":885}},"line":3},"4":{"name":"(anonymous_4)","decl":{"start":{"line":5,"column":13},"end":{"line":5,"column":14}},"loc":{"start":{"line":5,"column":41},"end":{"line":17,"column":29}},"line":5},"5":{"name":"StatusDots","decl":{"start":{"line":5,"column":143},"end":{"line":5,"column":153}},"loc":{"start":{"line":5,"column":156},"end":{"line":5,"column":243}},"line":5},"6":{"name":"render","decl":{"start":{"line":5,"column":316},"end":{"line":5,"column":322}},"loc":{"start":{"line":6,"column":4},"end":{"line":17,"column":5}},"line":6}},"branchMap":{"0":{"loc":{"start":{"line":3,"column":350},"end":{"line":3,"column":549}},"type":"if","locations":[{"start":{"line":3,"column":350},"end":{"line":3,"column":549}},{"start":{"line":3,"column":350},"end":{"line":3,"column":549}}],"line":3},"1":{"loc":{"start":{"line":3,"column":652},"end":{"line":3,"column":723}},"type":"if","locations":[{"start":{"line":3,"column":652},"end":{"line":3,"column":723}},{"start":{"line":3,"column":652},"end":{"line":3,"column":723}}],"line":3},"2":{"loc":{"start":{"line":3,"column":656},"end":{"line":3,"column":708}},"type":"binary-expr","locations":[{"start":{"line":3,"column":656},"end":{"line":3,"column":686}},{"start":{"line":3,"column":690},"end":{"line":3,"column":708}}],"line":3},"3":{"loc":{"start":{"line":3,"column":723},"end":{"line":3,"column":764}},"type":"if","locations":[{"start":{"line":3,"column":723},"end":{"line":3,"column":764}},{"start":{"line":3,"column":723},"end":{"line":3,"column":764}}],"line":3},"4":{"loc":{"start":{"line":3,"column":764},"end":{"line":3,"column":809}},"type":"if","locations":[{"start":{"line":3,"column":764},"end":{"line":3,"column":809}},{"start":{"line":3,"column":764},"end":{"line":3,"column":809}}],"line":3}},"s":{"0":2,"1":2,"2":2,"3":2,"4":2,"5":2,"6":2,"7":2,"8":2,"9":2,"10":2,"11":2,"12":2,"13":2,"14":2,"15":2,"16":2,"17":2,"18":0,"19":2,"20":2,"21":0,"22":2,"23":0,"24":2,"25":2,"26":0,"27":0,"28":0,"29":0,"30":2,"31":2,"32":2,"33":2,"34":2,"35":2,"36":2,"37":2,"38":2,"39":2,"40":2},"f":{"0":2,"1":2,"2":2,"3":0,"4":2,"5":2,"6":2},"b":{"0":[2,0],"1":[0,2],"2":[2,2],"3":[0,2],"4":[2,0]},"inputSourceMap":null,"_coverageSchema":"1a1c01bbd47fc00a2c39e90264f33305004495a9","hash":"f0004e7c85133d1a103cd556bb583c5bab1ea9e6"}
,"C:\\Users\\prafu\\Desktop\\Newzera\\reactTest\\simmpleApp\\screens\\profileTopScreen\\component.js": {"path":"C:\\Users\\prafu\\Desktop\\Newzera\\reactTest\\simmpleApp\\screens\\profileTopScreen\\component.js","statementMap":{"0":{"start":{"line":1,"column":43},"end":{"line":1,"column":99}},"1":{"start":{"line":1,"column":129},"end":{"line":1,"column":184}},"2":{"start":{"line":1,"column":185},"end":{"line":1,"column":247}},"3":{"start":{"line":1,"column":247},"end":{"line":1,"column":395}},"4":{"start":{"line":2,"column":13},"end":{"line":2,"column":54}},"5":{"start":{"line":4,"column":19},"end":{"line":4,"column":42}},"6":{"start":{"line":5,"column":22},"end":{"line":5,"column":49}},"7":{"start":{"line":8,"column":23},"end":{"line":8,"column":75}},"8":{"start":{"line":10,"column":21},"end":{"line":10,"column":85}},"9":{"start":{"line":11,"column":18},"end":{"line":11,"column":79}},"10":{"start":{"line":11,"column":92},"end":{"line":11,"column":96}},"11":{"start":{"line":11,"column":112},"end":{"line":11,"column":212}},"12":{"start":{"line":11,"column":223},"end":{"line":11,"column":298}},"13":{"start":{"line":15,"column":14},"end":{"line":29,"column":1}},"14":{"start":{"line":16,"column":2},"end":{"line":26,"column":204}},"15":{"start":{"line":29,"column":2},"end":{"line":29,"column":28}},"16":{"start":{"line":31,"column":23},"end":{"line":54,"column":1}},"17":{"start":{"line":33,"column":2},"end":{"line":53,"column":3}},"18":{"start":{"line":34,"column":4},"end":{"line":37,"column":150}},"19":{"start":{"line":44,"column":4},"end":{"line":51,"column":5}},"20":{"start":{"line":45,"column":6},"end":{"line":46,"column":148}},"21":{"start":{"line":50,"column":6},"end":{"line":50,"column":152}},"22":{"start":{"line":54,"column":2},"end":{"line":54,"column":46}},"23":{"start":{"line":56,"column":20},"end":{"line":80,"column":1}},"24":{"start":{"line":58,"column":2},"end":{"line":68,"column":3}},"25":{"start":{"line":59,"column":4},"end":{"line":65,"column":120}},"26":{"start":{"line":70,"column":2},"end":{"line":76,"column":109}},"27":{"start":{"line":80,"column":2},"end":{"line":80,"column":40}},"28":{"start":{"line":83,"column":24},"end":{"line":94,"column":1}},"29":{"start":{"line":84,"column":2},"end":{"line":92,"column":3}},"30":{"start":{"line":85,"column":4},"end":{"line":85,"column":19}},"31":{"start":{"line":87,"column":2},"end":{"line":92,"column":3}},"32":{"start":{"line":88,"column":4},"end":{"line":88,"column":20}},"33":{"start":{"line":90,"column":2},"end":{"line":92,"column":3}},"34":{"start":{"line":91,"column":4},"end":{"line":91,"column":18}},"35":{"start":{"line":93,"column":2},"end":{"line":93,"column":17}},"36":{"start":{"line":94,"column":2},"end":{"line":94,"column":48}},"37":{"start":{"line":96,"column":19},"end":{"line":107,"column":1}},"38":{"start":{"line":98,"column":14},"end":{"line":98,"column":17}},"39":{"start":{"line":99,"column":14},"end":{"line":99,"column":16}},"40":{"start":{"line":101,"column":15},"end":{"line":101,"column":17}},"41":{"start":{"line":103,"column":2},"end":{"line":105,"column":3}},"42":{"start":{"line":103,"column":15},"end":{"line":103,"column":16}},"43":{"start":{"line":104,"column":4},"end":{"line":104,"column":142}},"44":{"start":{"line":106,"column":2},"end":{"line":106,"column":16}},"45":{"start":{"line":107,"column":2},"end":{"line":107,"column":38}},"46":{"start":{"line":110,"column":17},"end":{"line":146,"column":1}},"47":{"start":{"line":111,"column":2},"end":{"line":141,"column":26}},"48":{"start":{"line":146,"column":2},"end":{"line":146,"column":34}}},"fnMap":{"0":{"name":"NameBio","decl":{"start":{"line":15,"column":23},"end":{"line":15,"column":30}},"loc":{"start":{"line":15,"column":33},"end":{"line":29,"column":1}},"line":15},"1":{"name":"renderStatusIcon","decl":{"start":{"line":31,"column":32},"end":{"line":31,"column":48}},"loc":{"start":{"line":31,"column":70},"end":{"line":54,"column":1}},"line":31},"2":{"name":"renderFileUri","decl":{"start":{"line":56,"column":29},"end":{"line":56,"column":42}},"loc":{"start":{"line":56,"column":52},"end":{"line":80,"column":1}},"line":56},"3":{"name":"renderStatusColor","decl":{"start":{"line":83,"column":33},"end":{"line":83,"column":50}},"loc":{"start":{"line":83,"column":59},"end":{"line":94,"column":1}},"line":83},"4":{"name":"sketchAvatar","decl":{"start":{"line":96,"column":28},"end":{"line":96,"column":40}},"loc":{"start":{"line":96,"column":47},"end":{"line":107,"column":1}},"line":96},"5":{"name":"svgBuilder","decl":{"start":{"line":110,"column":26},"end":{"line":110,"column":36}},"loc":{"start":{"line":110,"column":52},"end":{"line":146,"column":1}},"line":110}},"branchMap":{"0":{"loc":{"start":{"line":33,"column":2},"end":{"line":53,"column":3}},"type":"if","locations":[{"start":{"line":33,"column":2},"end":{"line":53,"column":3}},{"start":{"line":33,"column":2},"end":{"line":53,"column":3}}],"line":33},"1":{"loc":{"start":{"line":33,"column":6},"end":{"line":33,"column":56}},"type":"binary-expr","locations":[{"start":{"line":33,"column":6},"end":{"line":33,"column":20}},{"start":{"line":33,"column":24},"end":{"line":33,"column":56}}],"line":33},"2":{"loc":{"start":{"line":44,"column":4},"end":{"line":51,"column":5}},"type":"if","locations":[{"start":{"line":44,"column":4},"end":{"line":51,"column":5}},{"start":{"line":44,"column":4},"end":{"line":51,"column":5}}],"line":44},"3":{"loc":{"start":{"line":44,"column":8},"end":{"line":44,"column":44}},"type":"binary-expr","locations":[{"start":{"line":44,"column":8},"end":{"line":44,"column":14}},{"start":{"line":44,"column":18},"end":{"line":44,"column":44}}],"line":44},"4":{"loc":{"start":{"line":58,"column":2},"end":{"line":68,"column":3}},"type":"if","locations":[{"start":{"line":58,"column":2},"end":{"line":68,"column":3}},{"start":{"line":58,"column":2},"end":{"line":68,"column":3}}],"line":58},"5":{"loc":{"start":{"line":58,"column":6},"end":{"line":58,"column":43}},"type":"binary-expr","locations":[{"start":{"line":58,"column":6},"end":{"line":58,"column":21}},{"start":{"line":58,"column":25},"end":{"line":58,"column":43}}],"line":58},"6":{"loc":{"start":{"line":84,"column":2},"end":{"line":92,"column":3}},"type":"if","locations":[{"start":{"line":84,"column":2},"end":{"line":92,"column":3}},{"start":{"line":84,"column":2},"end":{"line":92,"column":3}}],"line":84},"7":{"loc":{"start":{"line":84,"column":6},"end":{"line":84,"column":56}},"type":"binary-expr","locations":[{"start":{"line":84,"column":6},"end":{"line":84,"column":20}},{"start":{"line":84,"column":24},"end":{"line":84,"column":56}}],"line":84},"8":{"loc":{"start":{"line":87,"column":2},"end":{"line":92,"column":3}},"type":"if","locations":[{"start":{"line":87,"column":2},"end":{"line":92,"column":3}},{"start":{"line":87,"column":2},"end":{"line":92,"column":3}}],"line":87},"9":{"loc":{"start":{"line":87,"column":6},"end":{"line":87,"column":42}},"type":"binary-expr","locations":[{"start":{"line":87,"column":6},"end":{"line":87,"column":12}},{"start":{"line":87,"column":16},"end":{"line":87,"column":42}}],"line":87},"10":{"loc":{"start":{"line":90,"column":2},"end":{"line":92,"column":3}},"type":"if","locations":[{"start":{"line":90,"column":2},"end":{"line":92,"column":3}},{"start":{"line":90,"column":2},"end":{"line":92,"column":3}}],"line":90},"11":{"loc":{"start":{"line":90,"column":6},"end":{"line":90,"column":41}},"type":"binary-expr","locations":[{"start":{"line":90,"column":6},"end":{"line":90,"column":12}},{"start":{"line":90,"column":16},"end":{"line":90,"column":41}}],"line":90}},"s":{"0":1,"1":1,"2":1,"3":1,"4":1,"5":1,"6":1,"7":1,"8":1,"9":1,"10":1,"11":1,"12":1,"13":1,"14":2,"15":1,"16":1,"17":3,"18":1,"19":2,"20":1,"21":1,"22":1,"23":1,"24":3,"25":1,"26":2,"27":1,"28":1,"29":4,"30":2,"31":2,"32":1,"33":1,"34":1,"35":0,"36":1,"37":1,"38":4,"39":4,"40":4,"41":4,"42":4,"43":40,"44":4,"45":1,"46":1,"47":1,"48":1},"f":{"0":2,"1":3,"2":3,"3":4,"4":4,"5":1},"b":{"0":[1,2],"1":[3,3],"2":[1,1],"3":[2,2],"4":[1,2],"5":[3,1],"6":[2,2],"7":[4,2],"8":[1,1],"9":[2,2],"10":[1,0],"11":[1,1]},"inputSourceMap":null,"_coverageSchema":"1a1c01bbd47fc00a2c39e90264f33305004495a9","hash":"d4fcc8e83c88220a057dfc3884a29031e78bd57a"}
,"C:\\Users\\prafu\\Desktop\\Newzera\\reactTest\\simmpleApp\\screens\\profileTopScreen\\profileTopStyle.js": {"path":"C:\\Users\\prafu\\Desktop\\Newzera\\reactTest\\simmpleApp\\screens\\profileTopScreen\\profileTopStyle.js","statementMap":{"0":{"start":{"line":1,"column":13},"end":{"line":1,"column":75}},"1":{"start":{"line":1,"column":75},"end":{"line":1,"column":100}},"2":{"start":{"line":1,"column":119},"end":{"line":1,"column":142}},"3":{"start":{"line":3,"column":13},"end":{"line":66,"column":21}},"4":{"start":{"line":70,"column":0},"end":{"line":70,"column":6}},"5":{"start":{"line":70,"column":7},"end":{"line":70,"column":34}}},"fnMap":{},"branchMap":{},"s":{"0":1,"1":1,"2":1,"3":1,"4":1,"5":1},"f":{},"b":{},"inputSourceMap":null,"_coverageSchema":"1a1c01bbd47fc00a2c39e90264f33305004495a9","hash":"048734d7982488c01df9eabbeaac0fa9ce1e8988"}
}
