TN:
SF:component\appBar\appBar.js
FN:3,_createSuper
FN:3,_createSuperInternal
FN:3,_isNativeReflectConstruct
FN:3,(anonymous_3)
FN:5,(anonymous_4)
FN:5,AppBar
FN:5,render
FNF:7
FNH:6
FNDA:1,_createSuper
FNDA:2,_createSuperInternal
FNDA:1,_isNativeReflectConstruct
FNDA:0,(anonymous_3)
FNDA:1,(anonymous_4)
FNDA:2,AppBar
FNDA:2,render
DA:1,1
DA:2,1
DA:3,2
DA:5,2
DA:9,2
DA:15,1
DA:21,1
DA:40,1
LF:8
LH:8
BRDA:3,0,0,2
BRDA:3,0,1,0
BRDA:3,1,0,0
BRDA:3,1,1,1
BRDA:3,2,0,1
BRDA:3,2,1,1
BRDA:3,3,0,0
BRDA:3,3,1,1
BRDA:3,4,0,1
BRDA:3,4,1,0
BRF:10
BRH:6
end_of_record
TN:
SF:component\appBar\index.js
FNF:0
FNH:0
DA:1,1
DA:4,1
LF:2
LH:2
BRF:0
BRH:0
end_of_record
TN:
SF:component\bottomShapesBar\bottomShapeBar.js
FN:2,_createSuper
FN:2,_createSuperInternal
FN:2,_isNativeReflectConstruct
FN:2,(anonymous_3)
FN:6,(anonymous_4)
FN:6,BottomFancyBar
FN:6,render
FNF:7
FNH:6
FNDA:1,_createSuper
FNDA:2,_createSuperInternal
FNDA:1,_isNativeReflectConstruct
FNDA:0,(anonymous_3)
FNDA:1,(anonymous_4)
FNDA:2,BottomFancyBar
FNDA:2,render
DA:1,1
DA:2,2
DA:6,2
DA:8,2
DA:21,1
DA:24,1
DA:25,1
DA:27,1
DA:86,1
LF:9
LH:9
BRDA:2,0,0,2
BRDA:2,0,1,0
BRDA:2,1,0,0
BRDA:2,1,1,1
BRDA:2,2,0,1
BRDA:2,2,1,1
BRDA:2,3,0,0
BRDA:2,3,1,1
BRDA:2,4,0,1
BRDA:2,4,1,0
BRF:10
BRH:6
end_of_record
TN:
SF:component\bottomShapesBar\index.js
FNF:0
FNH:0
DA:1,1
DA:3,1
LF:2
LH:2
BRF:0
BRH:0
end_of_record
TN:
SF:component\statusAddIcon\index.js
FNF:0
FNH:0
DA:1,2
DA:3,2
LF:2
LH:2
BRF:0
BRH:0
end_of_record
TN:
SF:component\statusAddIcon\statusAddIcon.js
FN:3,_createSuper
FN:3,_createSuperInternal
FN:3,_isNativeReflectConstruct
FN:3,(anonymous_3)
FN:5,(anonymous_4)
FN:5,AddStatusIcon
FN:5,render
FNF:7
FNH:6
FNDA:2,_createSuper
FNDA:3,_createSuperInternal
FNDA:2,_isNativeReflectConstruct
FNDA:0,(anonymous_3)
FNDA:2,(anonymous_4)
FNDA:3,AddStatusIcon
FNDA:3,render
DA:1,2
DA:2,2
DA:3,3
DA:5,3
DA:9,3
DA:19,2
DA:25,2
DA:47,2
LF:8
LH:8
BRDA:3,0,0,3
BRDA:3,0,1,0
BRDA:3,1,0,0
BRDA:3,1,1,2
BRDA:3,2,0,2
BRDA:3,2,1,2
BRDA:3,3,0,0
BRDA:3,3,1,2
BRDA:3,4,0,2
BRDA:3,4,1,0
BRF:10
BRH:6
end_of_record
TN:
SF:component\statusDots\index.js
FNF:0
FNH:0
DA:1,2
DA:4,2
LF:2
LH:2
BRF:0
BRH:0
end_of_record
TN:
SF:component\statusDots\statusDots.js
FN:3,_createSuper
FN:3,_createSuperInternal
FN:3,_isNativeReflectConstruct
FN:3,(anonymous_3)
FN:5,(anonymous_4)
FN:5,StatusDots
FN:5,render
FNF:7
FNH:6
FNDA:2,_createSuper
FNDA:2,_createSuperInternal
FNDA:2,_isNativeReflectConstruct
FNDA:0,(anonymous_3)
FNDA:2,(anonymous_4)
FNDA:2,StatusDots
FNDA:2,render
DA:1,2
DA:2,2
DA:3,2
DA:5,2
DA:7,2
DA:17,2
DA:21,2
DA:41,2
LF:8
LH:8
BRDA:3,0,0,2
BRDA:3,0,1,0
BRDA:3,1,0,0
BRDA:3,1,1,2
BRDA:3,2,0,2
BRDA:3,2,1,2
BRDA:3,3,0,0
BRDA:3,3,1,2
BRDA:3,4,0,2
BRDA:3,4,1,0
BRF:10
BRH:6
end_of_record
TN:
SF:screens\profileTopScreen\component.js
FN:15,NameBio
FN:31,renderStatusIcon
FN:56,renderFileUri
FN:83,renderStatusColor
FN:96,sketchAvatar
FN:110,svgBuilder
FNF:6
FNH:6
FNDA:2,NameBio
FNDA:3,renderStatusIcon
FNDA:3,renderFileUri
FNDA:4,renderStatusColor
FNDA:4,sketchAvatar
FNDA:1,svgBuilder
DA:1,1
DA:2,1
DA:4,1
DA:5,1
DA:8,1
DA:10,1
DA:11,1
DA:15,1
DA:16,2
DA:29,1
DA:31,1
DA:33,3
DA:34,1
DA:44,2
DA:45,1
DA:50,1
DA:54,1
DA:56,1
DA:58,3
DA:59,1
DA:70,2
DA:80,1
DA:83,1
DA:84,4
DA:85,2
DA:87,2
DA:88,1
DA:90,1
DA:91,1
DA:93,0
DA:94,1
DA:96,1
DA:98,4
DA:99,4
DA:101,4
DA:103,4
DA:104,40
DA:106,4
DA:107,1
DA:110,1
DA:111,1
DA:146,1
LF:42
LH:41
BRDA:33,0,0,1
BRDA:33,0,1,2
BRDA:33,1,0,3
BRDA:33,1,1,3
BRDA:44,2,0,1
BRDA:44,2,1,1
BRDA:44,3,0,2
BRDA:44,3,1,2
BRDA:58,4,0,1
BRDA:58,4,1,2
BRDA:58,5,0,3
BRDA:58,5,1,1
BRDA:84,6,0,2
BRDA:84,6,1,2
BRDA:84,7,0,4
BRDA:84,7,1,2
BRDA:87,8,0,1
BRDA:87,8,1,1
BRDA:87,9,0,2
BRDA:87,9,1,2
BRDA:90,10,0,1
BRDA:90,10,1,0
BRDA:90,11,0,1
BRDA:90,11,1,1
BRF:24
BRH:23
end_of_record
TN:
SF:screens\profileTopScreen\profileTopStyle.js
FNF:0
FNH:0
DA:1,1
DA:3,1
DA:70,1
LF:3
LH:3
BRF:0
BRH:0
end_of_record
